<?xml version="1.0" encoding="UTF-8"?>
<testsuite name="com.teya.tiny_ledger.repository.InMemoryAccountRepositoryTest" tests="2" skipped="0" failures="0" errors="0" timestamp="2025-10-19T18:07:49.278Z" hostname="Alastairs-iMac.local" time="0.002">
  <properties/>
  <testcase name="findById()" classname="com.teya.tiny_ledger.repository.InMemoryAccountRepositoryTest" time="0.001"/>
  <testcase name="save()" classname="com.teya.tiny_ledger.repository.InMemoryAccountRepositoryTest" time="0.0"/>
  <system-out><![CDATA[]]></system-out>
  <system-err><![CDATA[]]></system-err>
</testsuite>
