<?xml version="1.0" encoding="UTF-8"?>
<testsuite name="com.teya.tiny_ledger.controller.AccountControllerTest" tests="6" skipped="0" failures="0" errors="0" timestamp="2025-10-19T18:06:17.472Z" hostname="Alastairs-iMac.local" time="0.267">
  <properties/>
  <testcase name="getTransactionsErrorWhenAccountNotFound()" classname="com.teya.tiny_ledger.controller.AccountControllerTest" time="0.133"/>
  <testcase name="createTransaction()" classname="com.teya.tiny_ledger.controller.AccountControllerTest" time="0.094"/>
  <testcase name="getTransactions()" classname="com.teya.tiny_ledger.controller.AccountControllerTest" time="0.012"/>
  <testcase name="getBalanceErrorWhenAccountNotFound()" classname="com.teya.tiny_ledger.controller.AccountControllerTest" time="0.007"/>
  <testcase name="getBalance()" classname="com.teya.tiny_ledger.controller.AccountControllerTest" time="0.008"/>
  <testcase name="createTransactionErrorWhenAccountNotFound()" classname="com.teya.tiny_ledger.controller.AccountControllerTest" time="0.007"/>
  <system-out><![CDATA[2025-10-19T19:06:17.028+01:00  INFO 61509 --- [tiny-ledger] [    Test worker] t.c.s.AnnotationConfigContextLoaderUtils : Could not detect default configuration classes for test class [com.teya.tiny_ledger.controller.AccountControllerTest]: AccountControllerTest does not declare any static, non-private, non-final, nested classes annotated with @Configuration.
2025-10-19T19:06:17.051+01:00  INFO 61509 --- [tiny-ledger] [    Test worker] .b.t.c.SpringBootTestContextBootstrapper : Found @SpringBootConfiguration com.teya.tiny_ledger.TinyLedgerApplication for test class com.teya.tiny_ledger.controller.AccountControllerTest

  .   ____          _            __ _ _
 /\\ / ___'_ __ _ _(_)_ __  __ _ \ \ \ \
( ( )\___ | '_ | '_| | '_ \/ _` | \ \ \ \
 \\/  ___)| |_)| | | | | || (_| |  ) ) ) )
  '  |____| .__|_| |_|_| |_\__, | / / / /
 =========|_|==============|___/=/_/_/_/

 :: Spring Boot ::                (v3.5.6)

2025-10-19T19:06:17.073+01:00  INFO 61509 --- [tiny-ledger] [    Test worker] c.t.t.controller.AccountControllerTest   : Starting AccountControllerTest using Java 21.0.8 with PID 61509 (started by alastair in /Users/alastair/IdeaProjects/teya-tiny-ledger)
2025-10-19T19:06:17.074+01:00  INFO 61509 --- [tiny-ledger] [    Test worker] c.t.t.controller.AccountControllerTest   : No active profile set, falling back to 1 default profile: "default"
2025-10-19T19:06:17.449+01:00  INFO 61509 --- [tiny-ledger] [    Test worker] o.s.b.t.m.w.SpringBootMockServletContext : Initializing Spring TestDispatcherServlet ''
2025-10-19T19:06:17.449+01:00  INFO 61509 --- [tiny-ledger] [    Test worker] o.s.t.web.servlet.TestDispatcherServlet  : Initializing Servlet ''
2025-10-19T19:06:17.452+01:00  INFO 61509 --- [tiny-ledger] [    Test worker] o.s.t.web.servlet.TestDispatcherServlet  : Completed initialization in 1 ms
2025-10-19T19:06:17.466+01:00  INFO 61509 --- [tiny-ledger] [    Test worker] c.t.t.controller.AccountControllerTest   : Started AccountControllerTest in 0.412 seconds (process running for 3.07)
]]></system-out>
  <system-err><![CDATA[]]></system-err>
</testsuite>
