<?xml version="1.0" encoding="UTF-8"?>
<testsuite name="com.teya.tiny_ledger.service.DefaultAccountServiceTest" tests="7" skipped="0" failures="0" errors="0" timestamp="2025-10-19T18:06:17.809Z" hostname="Alastairs-iMac.local" time="0.064">
  <properties/>
  <testcase name="addTransaction()" classname="com.teya.tiny_ledger.service.DefaultAccountServiceTest" time="0.019"/>
  <testcase name="getBalanceThrowsAccountNotFoundException()" classname="com.teya.tiny_ledger.service.DefaultAccountServiceTest" time="0.006"/>
  <testcase name="getBalanceCorrectlyCalculatesBalance()" classname="com.teya.tiny_ledger.service.DefaultAccountServiceTest" time="0.006"/>
  <testcase name="addTransactionThrowsAccountNotFoundException()" classname="com.teya.tiny_ledger.service.DefaultAccountServiceTest" time="0.005"/>
  <testcase name="getTransactionHistoryThrowsAccountNotFoundException()" classname="com.teya.tiny_ledger.service.DefaultAccountServiceTest" time="0.006"/>
  <testcase name="getTransactionHistory()" classname="com.teya.tiny_ledger.service.DefaultAccountServiceTest" time="0.006"/>
  <testcase name="getBalance()" classname="com.teya.tiny_ledger.service.DefaultAccountServiceTest" time="0.005"/>
  <system-out><![CDATA[2025-10-19T19:06:17.754+01:00  INFO 61509 --- [tiny-ledger] [    Test worker] t.c.s.AnnotationConfigContextLoaderUtils : Could not detect default configuration classes for test class [com.teya.tiny_ledger.service.DefaultAccountServiceTest]: DefaultAccountServiceTest does not declare any static, non-private, non-final, nested classes annotated with @Configuration.
2025-10-19T19:06:17.765+01:00  INFO 61509 --- [tiny-ledger] [    Test worker] .b.t.c.SpringBootTestContextBootstrapper : Found @SpringBootConfiguration com.teya.tiny_ledger.TinyLedgerApplication for test class com.teya.tiny_ledger.service.DefaultAccountServiceTest
]]></system-out>
  <system-err><![CDATA[]]></system-err>
</testsuite>
