<?xml version="1.0" encoding="UTF-8"?>
<testsuite name="com.teya.tiny_ledger.TinyLedgerApplicationTests" tests="1" skipped="0" failures="0" errors="0" timestamp="2025-10-19T18:07:47.136Z" hostname="Alastairs-iMac.local" time="1.119">
  <properties/>
  <testcase name="contextLoads()" classname="com.teya.tiny_ledger.TinyLedgerApplicationTests" time="1.119"/>
  <system-out><![CDATA[19:07:44.345 [Test worker] INFO org.springframework.test.context.support.AnnotationConfigContextLoaderUtils -- Could not detect default configuration classes for test class [com.teya.tiny_ledger.TinyLedgerApplicationTests]: TinyLedgerApplicationTests does not declare any static, non-private, non-final, nested classes annotated with @Configuration.
19:07:44.542 [Test worker] INFO org.springframework.boot.test.context.SpringBootTestContextBootstrapper -- Found @SpringBootConfiguration com.teya.tiny_ledger.TinyLedgerApplication for test class com.teya.tiny_ledger.TinyLedgerApplicationTests

  .   ____          _            __ _ _
 /\\ / ___'_ __ _ _(_)_ __  __ _ \ \ \ \
( ( )\___ | '_ | '_| | '_ \/ _` | \ \ \ \
 \\/  ___)| |_)| | | | | || (_| |  ) ) ) )
  '  |____| .__|_| |_|_| |_\__, | / / / /
 =========|_|==============|___/=/_/_/_/

 :: Spring Boot ::                (v3.5.6)

2025-10-19T19:07:45.263+01:00  INFO 61634 --- [tiny-ledger] [    Test worker] c.t.t.TinyLedgerApplicationTests         : Starting TinyLedgerApplicationTests using Java 21.0.8 with PID 61634 (started by alastair in /Users/alastair/IdeaProjects/teya-tiny-ledger)
2025-10-19T19:07:45.265+01:00  INFO 61634 --- [tiny-ledger] [    Test worker] c.t.t.TinyLedgerApplicationTests         : No active profile set, falling back to 1 default profile: "default"
=================== ACCOUNTS ===================
AccountId 60e405ae-828d-4eca-a828-1d03345475d3 Account Details: Account[id=60e405ae-828d-4eca-a828-1d03345475d3, transactionList=[Transaction[id=d0abd6ba-14b8-4d23-988a-cfd0c65afcd7, type=DEPOSIT, amount=25.99, description=Transaction1], Transaction[id=94efb60f-8987-4d2f-a537-b9ff12aba856, type=WITHDRAWAL, amount=10.99, description=Transaction2]]]
AccountId 0d636015-1273-4c20-b170-31623660498d Account Details: Account[id=0d636015-1273-4c20-b170-31623660498d, transactionList=[Transaction[id=c61cb4c3-8270-4a80-91fb-a5cb5b928322, type=DEPOSIT, amount=250.99, description=Transaction1], Transaction[id=48f71930-f760-4afa-ac6b-3677c22db6bb, type=WITHDRAWAL, amount=100.99, description=Transaction2]]]
================================================
2025-10-19T19:07:47.110+01:00  INFO 61634 --- [tiny-ledger] [    Test worker] c.t.t.TinyLedgerApplicationTests         : Started TinyLedgerApplicationTests in 2.307 seconds (process running for 4.721)
]]></system-out>
  <system-err><![CDATA[Mockito is currently self-attaching to enable the inline-mock-maker. This will no longer work in future releases of the JDK. Please add Mockito as an agent to your build as described in Mockito's documentation: https://javadoc.io/doc/org.mockito/mockito-core/latest/org.mockito/org/mockito/Mockito.html#0.3
WARNING: A Java agent has been loaded dynamically (/Users/alastair/.gradle/caches/modules-2/files-2.1/net.bytebuddy/byte-buddy-agent/1.17.7/fbf3d6d649ed37fc9e9c59480a05be0a26e3c2da/byte-buddy-agent-1.17.7.jar)
WARNING: If a serviceability tool is in use, please run with -XX:+EnableDynamicAgentLoading to hide this warning
WARNING: If a serviceability tool is not in use, please run with -Djdk.instrument.traceUsage for more information
WARNING: Dynamic loading of agents will be disallowed by default in a future release
]]></system-err>
</testsuite>
